{"uid":"8ee230353d8ddf14","name":"canRemoveContactFromGroupHomePage()","fullName":"ru.stqa.addressbook.tests.ContactRemovalTests.canRemoveContactFromGroupHomePage","historyId":"7db39738a8072467b3704dc4286a9b11","time":{"start":1758280698126,"stop":1758280698390,"duration":264},"description":"","status":"broken","statusMessage":"Element <input name=\"group\" type=\"hidden\"> could not be scrolled into view\nBuild info: version: '4.34.0', revision: '707dcb4246*'\nSystem info: os.name: 'Windows 10', os.arch: 'amd64', os.version: '10.0', java.version: '17.0.16'\nDriver info: org.openqa.selenium.firefox.FirefoxDriver\nCommand: [aecd3d65-87dd-453a-9f83-3e8c27f65946, clickElement {id=737bb2dc-a3bf-4950-b868-ccdb26380035}]\nCapabilities {acceptInsecureCerts: true, browserName: firefox, browserVersion: 143.0, moz:accessibilityChecks: false, moz:buildID: 20250908174027, moz:geckodriverVersion: 0.36.0, moz:headless: false, moz:platformVersion: 10.0, moz:processID: 9308, moz:profile: C:\\Users\\Julia\\AppData\\Loca..., moz:shutdownTimeout: 60000, moz:webdriverClick: true, moz:windowless: false, pageLoadStrategy: normal, platformName: windows, proxy: Proxy(), setWindowRect: true, strictFileInteractability: false, timeouts: {implicit: 0, pageLoad: 300000, script: 30000}, unhandledPromptBehavior: dismiss and notify, userAgent: Mozilla/5.0 (Windows NT 10....}\nElement: [[FirefoxDriver: firefox on windows (aecd3d65-87dd-453a-9f83-3e8c27f65946)] -> css selector: input[value='1']]\nSession ID: aecd3d65-87dd-453a-9f83-3e8c27f65946","statusTrace":"org.openqa.selenium.ElementNotInteractableException: Element <input name=\"group\" type=\"hidden\"> could not be scrolled into view\nBuild info: version: '4.34.0', revision: '707dcb4246*'\nSystem info: os.name: 'Windows 10', os.arch: 'amd64', os.version: '10.0', java.version: '17.0.16'\nDriver info: org.openqa.selenium.firefox.FirefoxDriver\nCommand: [aecd3d65-87dd-453a-9f83-3e8c27f65946, clickElement {id=737bb2dc-a3bf-4950-b868-ccdb26380035}]\nCapabilities {acceptInsecureCerts: true, browserName: firefox, browserVersion: 143.0, moz:accessibilityChecks: false, moz:buildID: 20250908174027, moz:geckodriverVersion: 0.36.0, moz:headless: false, moz:platformVersion: 10.0, moz:processID: 9308, moz:profile: C:\\Users\\Julia\\AppData\\Loca..., moz:shutdownTimeout: 60000, moz:webdriverClick: true, moz:windowless: false, pageLoadStrategy: normal, platformName: windows, proxy: Proxy(), setWindowRect: true, strictFileInteractability: false, timeouts: {implicit: 0, pageLoad: 300000, script: 30000}, unhandledPromptBehavior: dismiss and notify, userAgent: Mozilla/5.0 (Windows NT 10....}\nElement: [[FirefoxDriver: firefox on windows (aecd3d65-87dd-453a-9f83-3e8c27f65946)] -> css selector: input[value='1']]\nSession ID: aecd3d65-87dd-453a-9f83-3e8c27f65946\r\n\tat java.base/jdk.internal.reflect.NativeConstructorAccessorImpl.newInstance0(Native Method)\r\n\tat java.base/jdk.internal.reflect.NativeConstructorAccessorImpl.newInstance(NativeConstructorAccessorImpl.java:77)\r\n\tat java.base/jdk.internal.reflect.DelegatingConstructorAccessorImpl.newInstance(DelegatingConstructorAccessorImpl.java:45)\r\n\tat java.base/java.lang.reflect.Constructor.newInstanceWithCaller(Constructor.java:500)\r\n\tat java.base/java.lang.reflect.Constructor.newInstance(Constructor.java:481)\r\n\tat org.openqa.selenium.remote.ErrorCodec.decode(ErrorCodec.java:167)\r\n\tat org.openqa.selenium.remote.codec.w3c.W3CHttpResponseCodec.decode(W3CHttpResponseCodec.java:138)\r\n\tat org.openqa.selenium.remote.codec.w3c.W3CHttpResponseCodec.decode(W3CHttpResponseCodec.java:50)\r\n\tat org.openqa.selenium.remote.HttpCommandExecutor.execute(HttpCommandExecutor.java:215)\r\n\tat org.openqa.selenium.remote.service.DriverCommandExecutor.invokeExecute(DriverCommandExecutor.java:216)\r\n\tat org.openqa.selenium.remote.service.DriverCommandExecutor.execute(DriverCommandExecutor.java:174)\r\n\tat org.openqa.selenium.remote.RemoteWebDriver.execute(RemoteWebDriver.java:544)\r\n\tat org.openqa.selenium.remote.RemoteWebElement.execute(RemoteWebElement.java:223)\r\n\tat org.openqa.selenium.remote.RemoteWebElement.click(RemoteWebElement.java:76)\r\n\tat ru.stqa.addressbook.manager.HelperBase.click(HelperBase.java:16)\r\n\tat ru.stqa.addressbook.manager.ContactHelper.selectContact(ContactHelper.java:113)\r\n\tat ru.stqa.addressbook.manager.ContactHelper.deleteContactFromGroup(ContactHelper.java:154)\r\n\tat ru.stqa.addressbook.tests.ContactRemovalTests.canRemoveContactFromGroupHomePage(ContactRemovalTests.java:49)\r\n\tat java.base/java.lang.reflect.Method.invoke(Method.java:569)\r\n\tat java.base/java.util.ArrayList.forEach(ArrayList.java:1511)\r\n\tat java.base/java.util.ArrayList.forEach(ArrayList.java:1511)\r\n\tSuppressed: java.lang.IllegalStateException: DB is corrupted\r\n\t\tat ru.stqa.addressbook.manager.JdbcHelper.checkConsistency(JdbcHelper.java:42)\r\n\t\tat ru.stqa.addressbook.tests.TestBase.checkDatabaseConsistency(TestBase.java:51)\r\n\t\t... 3 more\r\n","flaky":false,"newFailed":false,"newBroken":false,"newPassed":false,"retriesCount":1,"retriesStatusChange":false,"beforeStages":[],"afterStages":[],"labels":[{"name":"junit.platform.uniqueid","value":"[engine:junit-jupiter]/[class:ru.stqa.addressbook.tests.ContactRemovalTests]/[method:canRemoveContactFromGroupHomePage()]"},{"name":"host","value":"LAPTOP-7IG0DLL7"},{"name":"thread","value":"18184@LAPTOP-7IG0DLL7.Test worker(1)"},{"name":"framework","value":"junit-platform"},{"name":"language","value":"java"},{"name":"package","value":"ru.stqa.addressbook.tests.ContactRemovalTests"},{"name":"testClass","value":"ru.stqa.addressbook.tests.ContactRemovalTests"},{"name":"testMethod","value":"canRemoveContactFromGroupHomePage"},{"name":"suite","value":"ru.stqa.addressbook.tests.ContactRemovalTests"},{"name":"resultFormat","value":"allure2"}],"parameters":[],"links":[],"hidden":false,"retry":false,"extra":{"severity":"normal","retries":[{"uid":"129240bd1865eb95","status":"broken","statusDetails":"Cannot invoke \"org.openqa.selenium.WebDriver.findElement(org.openqa.selenium.By)\" because \"this.driver\" is null","time":{"start":1758275911416,"stop":1758275911445,"duration":29}}],"categories":[{"name":"Test defects","matchedStatuses":[]}],"history":{"statistic":{"failed":0,"broken":2,"skipped":0,"passed":0,"unknown":0,"total":2},"items":[{"uid":"353d8134b93e9929","status":"broken","statusDetails":"Cannot invoke \"org.openqa.selenium.WebDriver.findElement(org.openqa.selenium.By)\" because \"this.driver\" is null","time":{"start":1758275911416,"stop":1758275911445,"duration":29}}]},"tags":[]},"source":"8ee230353d8ddf14.json","parameterValues":[]}